0 info it worked if it ends with ok
1 verbose cli [ 'c:\\Program Files\\nodejs\\node.exe',
1 verbose cli   'c:\\Program Files\\nodejs\\node_modules\\npm\\bin\\npm-cli.js',
1 verbose cli   'install',
1 verbose cli   'glup' ]
2 info using npm@1.4.28
3 info using node@v0.10.35
4 warn package.json map@0.0.1 No README data
5 verbose readDependencies using package.json deps
6 verbose cache add [ 'glup', null ]
7 verbose cache add name=undefined spec="glup" args=["glup",null]
8 verbose parsed url { protocol: null,
8 verbose parsed url   slashes: null,
8 verbose parsed url   auth: null,
8 verbose parsed url   host: null,
8 verbose parsed url   port: null,
8 verbose parsed url   hostname: null,
8 verbose parsed url   hash: null,
8 verbose parsed url   search: null,
8 verbose parsed url   query: null,
8 verbose parsed url   pathname: 'glup',
8 verbose parsed url   path: 'glup',
8 verbose parsed url   href: 'glup' }
9 silly lockFile 55a217f8-glup glup
10 verbose lock glup C:\Users\TaoHuang\AppData\Roaming\npm-cache\55a217f8-glup.lock
11 silly lockFile 55a217f8-glup glup
12 silly lockFile 55a217f8-glup glup
13 verbose addNamed [ 'glup', '' ]
14 verbose addNamed [ null, '*' ]
15 silly lockFile 5f2e066f-glup glup@
16 verbose lock glup@ C:\Users\TaoHuang\AppData\Roaming\npm-cache\5f2e066f-glup.lock
17 silly addNameRange { name: 'glup', range: '*', hasData: false }
18 verbose request where is /glup
19 verbose request registry https://registry.npmjs.org/
20 verbose request id 7f2ae78d9a649a90
21 verbose url raw /glup
22 verbose url resolving [ 'https://registry.npmjs.org/', './glup' ]
23 verbose url resolved https://registry.npmjs.org/glup
24 verbose request where is https://registry.npmjs.org/glup
25 info trying registry request attempt 1 at 09:49:44
26 http GET https://registry.npmjs.org/glup
27 http 404 https://registry.npmjs.org/glup
28 verbose headers { date: 'Sat, 04 Apr 2015 01:49:39 GMT',
28 verbose headers   server: 'CouchDB/1.5.0 (Erlang OTP/R16B03)',
28 verbose headers   'content-type': 'application/json',
28 verbose headers   'cache-control': 'max-age=0',
28 verbose headers   'content-length': '51',
28 verbose headers   'accept-ranges': 'bytes',
28 verbose headers   via: '1.1 varnish',
28 verbose headers   age: '0',
28 verbose headers   'x-served-by': 'cache-hkg6823-HKG',
28 verbose headers   'x-cache': 'MISS',
28 verbose headers   'x-cache-hits': '0',
28 verbose headers   'x-timer': 'S1428112178.681322,VS0,VE654',
28 verbose headers   'keep-alive': 'timeout=10, max=50',
28 verbose headers   connection: 'Keep-Alive' }
29 silly registry.get cb [ 404,
29 silly registry.get   { date: 'Sat, 04 Apr 2015 01:49:39 GMT',
29 silly registry.get     server: 'CouchDB/1.5.0 (Erlang OTP/R16B03)',
29 silly registry.get     'content-type': 'application/json',
29 silly registry.get     'cache-control': 'max-age=0',
29 silly registry.get     'content-length': '51',
29 silly registry.get     'accept-ranges': 'bytes',
29 silly registry.get     via: '1.1 varnish',
29 silly registry.get     age: '0',
29 silly registry.get     'x-served-by': 'cache-hkg6823-HKG',
29 silly registry.get     'x-cache': 'MISS',
29 silly registry.get     'x-cache-hits': '0',
29 silly registry.get     'x-timer': 'S1428112178.681322,VS0,VE654',
29 silly registry.get     'keep-alive': 'timeout=10, max=50',
29 silly registry.get     connection: 'Keep-Alive' } ]
30 silly lockFile 5f2e066f-glup glup@
31 silly lockFile 5f2e066f-glup glup@
32 error 404 404 Not Found: glup
32 error 404
32 error 404 'glup' is not in the npm registry.
32 error 404 You should bug the author to publish it
32 error 404 It was specified as a dependency of 'map'
32 error 404
32 error 404 Note that you can also install from a
32 error 404 tarball, folder, or http url, or git url.
33 error System Windows_NT 6.1.7601
34 error command "c:\\Program Files\\nodejs\\node.exe" "c:\\Program Files\\nodejs\\node_modules\\npm\\bin\\npm-cli.js" "install" "glup"
35 error cwd d:\projects\MapBoilerplate
36 error node -v v0.10.35
37 error npm -v 1.4.28
38 error code E404
39 verbose exit [ 1, true ]
